<?xml version="1.0" encoding="UTF-8"?>
<testsuite name="agh.ii.prinjava.proj1.impl.DLinkListTest" tests="1" skipped="0" failures="0" errors="0" timestamp="2021-10-21T17:55:23" hostname="LAPTOP-VDLL7IJU" time="0.021">
  <properties/>
  <testcase name="addStuffToBeggining()" classname="agh.ii.prinjava.proj1.impl.DLinkListTest" time="0.021"/>
  <system-out><![CDATA[DLinkList{
1
2
3
}]]></system-out>
  <system-err><![CDATA[]]></system-err>
</testsuite>
